0 info it worked if it ends with ok
1 verbose cli [ '/usr/bin/node', '/usr/bin/npm', 'install', 'pretty-debug' ]
2 info using npm@3.5.2
3 info using node@v8.10.0
4 silly loadCurrentTree Starting
5 silly install loadCurrentTree
6 silly install readLocalPackageData
7 silly fetchPackageMetaData pretty-debug
8 silly fetchNamedPackageData pretty-debug
9 silly mapToRegistry name pretty-debug
10 silly mapToRegistry using default registry
11 silly mapToRegistry registry https://registry.npmjs.org/
12 silly mapToRegistry uri https://registry.npmjs.org/pretty-debug
13 verbose request uri https://registry.npmjs.org/pretty-debug
14 verbose request no auth needed
15 info attempt registry request try #1 at 9:44:25 PM
16 verbose request id ca781acc0d4569c2
17 http request GET https://registry.npmjs.org/pretty-debug
18 http 200 https://registry.npmjs.org/pretty-debug
19 verbose headers { date: 'Sun, 16 Jun 2019 15:44:27 GMT',
19 verbose headers   'content-type': 'application/json',
19 verbose headers   'transfer-encoding': 'chunked',
19 verbose headers   connection: 'keep-alive',
19 verbose headers   'set-cookie':
19 verbose headers    [ '__cfduid=ded86c8dec42a373092cfe4fcb171d90f1560699866; expires=Mon, 15-Jun-20 15:44:26 GMT; path=/; domain=.npmjs.org; HttpOnly' ],
19 verbose headers   'cf-cache-status': 'MISS',
19 verbose headers   'cache-control': 'max-age=300',
19 verbose headers   'cf-ray': '4e7de7b4aa1ed9dc-SIN',
19 verbose headers   etag: 'W/"200249eb6f572c3dedb64a967d8315e9"',
19 verbose headers   'expect-ct': 'max-age=604800, report-uri="https://report-uri.cloudflare.com/cdn-cgi/beacon/expect-ct"',
19 verbose headers   'last-modified': 'Sun, 16 Jun 2019 12:11:02 GMT',
19 verbose headers   vary: 'accept-encoding, accept',
19 verbose headers   'x-amz-meta-rev': '6-d437a929f3e5082367bcea7cc76dcb54',
19 verbose headers   server: 'cloudflare',
19 verbose headers   'content-encoding': 'gzip' }
20 silly get cb [ 200,
20 silly get   { date: 'Sun, 16 Jun 2019 15:44:27 GMT',
20 silly get     'content-type': 'application/json',
20 silly get     'transfer-encoding': 'chunked',
20 silly get     connection: 'keep-alive',
20 silly get     'set-cookie':
20 silly get      [ '__cfduid=ded86c8dec42a373092cfe4fcb171d90f1560699866; expires=Mon, 15-Jun-20 15:44:26 GMT; path=/; domain=.npmjs.org; HttpOnly' ],
20 silly get     'cf-cache-status': 'MISS',
20 silly get     'cache-control': 'max-age=300',
20 silly get     'cf-ray': '4e7de7b4aa1ed9dc-SIN',
20 silly get     etag: 'W/"200249eb6f572c3dedb64a967d8315e9"',
20 silly get     'expect-ct': 'max-age=604800, report-uri="https://report-uri.cloudflare.com/cdn-cgi/beacon/expect-ct"',
20 silly get     'last-modified': 'Sun, 16 Jun 2019 12:11:02 GMT',
20 silly get     vary: 'accept-encoding, accept',
20 silly get     'x-amz-meta-rev': '6-d437a929f3e5082367bcea7cc76dcb54',
20 silly get     server: 'cloudflare',
20 silly get     'content-encoding': 'gzip' } ]
21 verbose get saving pretty-debug to /home/shadlyd15/.npm/registry.npmjs.org/pretty-debug/.cache.json
22 silly install normalizeTree
23 silly loadCurrentTree Finishing
24 silly loadIdealTree Starting
25 silly install loadIdealTree
26 silly cloneCurrentTree Starting
27 silly install cloneCurrentTreeToIdealTree
28 silly cloneCurrentTree Finishing
29 silly loadShrinkwrap Starting
30 silly install loadShrinkwrap
31 silly loadShrinkwrap Finishing
32 silly loadAllDepsIntoIdealTree Starting
33 silly install loadAllDepsIntoIdealTree
34 silly rollbackFailedOptional Starting
35 silly rollbackFailedOptional Finishing
36 silly runTopLevelLifecycles Starting
37 silly runTopLevelLifecycles Finishing
38 silly install printInstalled
39 verbose stack Error: Refusing to install pretty-debug as a dependency of itself
39 verbose stack     at checkSelf (/usr/share/npm/lib/install/validate-args.js:40:14)
39 verbose stack     at Array.<anonymous> (/usr/share/npm/node_modules/slide/lib/bind-actor.js:15:8)
39 verbose stack     at LOOP (/usr/share/npm/node_modules/slide/lib/chain.js:15:14)
39 verbose stack     at chain (/usr/share/npm/node_modules/slide/lib/chain.js:20:5)
39 verbose stack     at /usr/share/npm/lib/install/validate-args.js:15:5
39 verbose stack     at /usr/share/npm/node_modules/slide/lib/async-map.js:52:35
39 verbose stack     at Array.forEach (<anonymous>)
39 verbose stack     at /usr/share/npm/node_modules/slide/lib/async-map.js:52:11
39 verbose stack     at Array.forEach (<anonymous>)
39 verbose stack     at asyncMap (/usr/share/npm/node_modules/slide/lib/async-map.js:51:8)
40 verbose cwd /media/shadlyd15/8806e7d7-ac1c-413d-949f-a2a229d0fd0a/Repositories/PrettyDebugJS
41 error Linux 4.18.0-21-generic
42 error argv "/usr/bin/node" "/usr/bin/npm" "install" "pretty-debug"
43 error node v8.10.0
44 error npm  v3.5.2
45 error code ENOSELF
46 error Refusing to install pretty-debug as a dependency of itself
47 error If you need help, you may report this error at:
47 error     <https://github.com/npm/npm/issues>
48 verbose exit [ 1, true ]
